C:\USERS\JONATHAN_MOORE\MY_WORK\STEINBERG\MY_PLUGINS\MINIMOOG\BUILD\MINIMOOG.DIR\DEBUG\VSTPLUGMAIN.OBJ
C:\USERS\JONATHAN_MOORE\MY_WORK\STEINBERG\MY_PLUGINS\MINIMOOG\BUILD\MINIMOOG.DIR\DEBUG\WAVEFORM.OBJ
C:\USERS\JONATHAN_MOORE\MY_WORK\STEINBERG\MY_PLUGINS\MINIMOOG\BUILD\MINIMOOG.DIR\DEBUG\OSCIL.OBJ
C:\USERS\JONATHAN_MOORE\MY_WORK\STEINBERG\MY_PLUGINS\MINIMOOG\BUILD\MINIMOOG.DIR\DEBUG\NUMBER.OBJ
C:\USERS\JONATHAN_MOORE\MY_WORK\STEINBERG\MY_PLUGINS\MINIMOOG\BUILD\MINIMOOG.DIR\DEBUG\NOISE.OBJ
C:\USERS\JONATHAN_MOORE\MY_WORK\STEINBERG\MY_PLUGINS\MINIMOOG\BUILD\MINIMOOG.DIR\DEBUG\MULTIPLIER.OBJ
C:\USERS\JONATHAN_MOORE\MY_WORK\STEINBERG\MY_PLUGINS\MINIMOOG\BUILD\MINIMOOG.DIR\DEBUG\MULTIPLEXER.OBJ
C:\USERS\JONATHAN_MOORE\MY_WORK\STEINBERG\MY_PLUGINS\MINIMOOG\BUILD\MINIMOOG.DIR\DEBUG\MOOGPLUGIN.OBJ
C:\USERS\JONATHAN_MOORE\MY_WORK\STEINBERG\MY_PLUGINS\MINIMOOG\BUILD\MINIMOOG.DIR\DEBUG\MOOG.OBJ
C:\USERS\JONATHAN_MOORE\MY_WORK\STEINBERG\MY_PLUGINS\MINIMOOG\BUILD\MINIMOOG.DIR\DEBUG\GLOBALS.OBJ
C:\USERS\JONATHAN_MOORE\MY_WORK\STEINBERG\MY_PLUGINS\MINIMOOG\BUILD\MINIMOOG.DIR\DEBUG\FILTER.OBJ
C:\USERS\JONATHAN_MOORE\MY_WORK\STEINBERG\MY_PLUGINS\MINIMOOG\BUILD\MINIMOOG.DIR\DEBUG\BASICBLOCK.OBJ
C:\USERS\JONATHAN_MOORE\MY_WORK\STEINBERG\MY_PLUGINS\MINIMOOG\BUILD\MINIMOOG.DIR\DEBUG\AUDIOEFFECTX.OBJ
C:\USERS\JONATHAN_MOORE\MY_WORK\STEINBERG\MY_PLUGINS\MINIMOOG\BUILD\MINIMOOG.DIR\DEBUG\AUDIOEFFECT.OBJ
C:\USERS\JONATHAN_MOORE\MY_WORK\STEINBERG\MY_PLUGINS\MINIMOOG\BUILD\MINIMOOG.DIR\DEBUG\ADSR.OBJ
C:\USERS\JONATHAN_MOORE\MY_WORK\STEINBERG\MY_PLUGINS\MINIMOOG\BUILD\MINIMOOG.DIR\DEBUG\ADDER.OBJ
C:\USERS\JONATHAN_MOORE\MY_WORK\STEINBERG\MY_PLUGINS\MINIMOOG\BUILD\MINIMOOG.DIR\DEBUG\VC110.PDB
C:\USERS\JONATHAN_MOORE\MY_WORK\STEINBERG\MY_PLUGINS\MINIMOOG\BUILD\CMAKEFILES\GENERATE.STAMP
C:\USERS\JONATHAN_MOORE\MY_WORK\STEINBERG\MY_PLUGINS\MINIMOOG\BUILD\DEBUG\MINIMOOG.LIB
C:\Users\Jonathan_Moore\My_Work\Steinberg\my_plugins\minimoog\build\minimoog.dir\Debug\Adder.obj
C:\Users\Jonathan_Moore\My_Work\Steinberg\my_plugins\minimoog\build\minimoog.dir\Debug\ADSR.obj
C:\Users\Jonathan_Moore\My_Work\Steinberg\my_plugins\minimoog\build\minimoog.dir\Debug\audioeffect.obj
C:\Users\Jonathan_Moore\My_Work\Steinberg\my_plugins\minimoog\build\minimoog.dir\Debug\audioeffectx.obj
C:\Users\Jonathan_Moore\My_Work\Steinberg\my_plugins\minimoog\build\minimoog.dir\Debug\BasicBlock.obj
C:\Users\Jonathan_Moore\My_Work\Steinberg\my_plugins\minimoog\build\minimoog.dir\Debug\Filter.obj
C:\Users\Jonathan_Moore\My_Work\Steinberg\my_plugins\minimoog\build\minimoog.dir\Debug\globals.obj
C:\Users\Jonathan_Moore\My_Work\Steinberg\my_plugins\minimoog\build\minimoog.dir\Debug\Moog.obj
C:\Users\Jonathan_Moore\My_Work\Steinberg\my_plugins\minimoog\build\minimoog.dir\Debug\MoogPlugin.obj
C:\Users\Jonathan_Moore\My_Work\Steinberg\my_plugins\minimoog\build\minimoog.dir\Debug\Multiplexer.obj
C:\Users\Jonathan_Moore\My_Work\Steinberg\my_plugins\minimoog\build\minimoog.dir\Debug\Multiplier.obj
C:\Users\Jonathan_Moore\My_Work\Steinberg\my_plugins\minimoog\build\minimoog.dir\Debug\Noise.obj
C:\Users\Jonathan_Moore\My_Work\Steinberg\my_plugins\minimoog\build\minimoog.dir\Debug\Number.obj
C:\Users\Jonathan_Moore\My_Work\Steinberg\my_plugins\minimoog\build\minimoog.dir\Debug\Oscil.obj
C:\Users\Jonathan_Moore\My_Work\Steinberg\my_plugins\minimoog\build\minimoog.dir\Debug\vstplugmain.obj
C:\Users\Jonathan_Moore\My_Work\Steinberg\my_plugins\minimoog\build\minimoog.dir\Debug\Waveform.obj
C:\Users\Jonathan_Moore\My_Work\Steinberg\my_plugins\minimoog\build\minimoog.dir\Debug\cl.command.1.tlog
C:\Users\Jonathan_Moore\My_Work\Steinberg\my_plugins\minimoog\build\minimoog.dir\Debug\CL.read.1.tlog
C:\Users\Jonathan_Moore\My_Work\Steinberg\my_plugins\minimoog\build\minimoog.dir\Debug\CL.write.1.tlog
C:\Users\Jonathan_Moore\My_Work\Steinberg\my_plugins\minimoog\build\minimoog.dir\Debug\custombuild.command.1.tlog
C:\Users\Jonathan_Moore\My_Work\Steinberg\my_plugins\minimoog\build\minimoog.dir\Debug\custombuild.read.1.tlog
C:\Users\Jonathan_Moore\My_Work\Steinberg\my_plugins\minimoog\build\minimoog.dir\Debug\custombuild.write.1.tlog
C:\Users\Jonathan_Moore\My_Work\Steinberg\my_plugins\minimoog\build\minimoog.dir\Debug\Lib-link.read.1.tlog
C:\Users\Jonathan_Moore\My_Work\Steinberg\my_plugins\minimoog\build\minimoog.dir\Debug\Lib-link.write.1.tlog
C:\Users\Jonathan_Moore\My_Work\Steinberg\my_plugins\minimoog\build\minimoog.dir\Debug\lib.command.1.tlog
C:\Users\Jonathan_Moore\My_Work\Steinberg\my_plugins\minimoog\build\minimoog.dir\Debug\vc110.pdb
