Build started 12/31/2018 12:42:52 PM.
     1>Project "C:\Users\Jonathan_Moore\My_Work\Steinberg\my_plugins\minimoog\build\minimoog.vcxproj" on node 2 (Rebuild target(s)).
     1>CustomBuild:
         Building Custom Rule C:/Users/Jonathan_Moore/My_Work/Steinberg/my_plugins/minimoog/CMakeLists.txt
         CMake does not need to re-run because C:/Users/Jonathan_Moore/My_Work/Steinberg/my_plugins/minimoog/build/CMakeFiles/generate.stamp is up-to-date.
       ClCompile:
         C:\Program Files (x86)\Microsoft Visual Studio 11.0\VC\bin\x86_amd64\CL.exe /c /Zi /nologo /W3 /WX- /Od /Ob0 /D WIN32 /D _WINDOWS /D "CMAKE_INTDIR=\"Debug\"" /D _WINDLL /D _MBCS /Gm- /EHsc /RTC1 /MDd /GS /Zc:wchar_t /Zc:forScope /GR /Fo"minimoog.dir\Debug\\" /Fd"minimoog.dir\Debug\vc110.pdb" /Gd /TP /errorReport:prompt C:\Users\Jonathan_Moore\My_Work\Steinberg\my_plugins\minimoog\source\Adder.cpp C:\Users\Jonathan_Moore\My_Work\Steinberg\my_plugins\minimoog\source\ADSR.cpp C:\Users\Jonathan_Moore\My_Work\Steinberg\my_plugins\minimoog\source\audioeffect.cpp C:\Users\Jonathan_Moore\My_Work\Steinberg\my_plugins\minimoog\source\audioeffectx.cpp C:\Users\Jonathan_Moore\My_Work\Steinberg\my_plugins\minimoog\source\BasicBlock.cpp C:\Users\Jonathan_Moore\My_Work\Steinberg\my_plugins\minimoog\source\Filter.cpp C:\Users\Jonathan_Moore\My_Work\Steinberg\my_plugins\minimoog\source\globals.cpp C:\Users\Jonathan_Moore\My_Work\Steinberg\my_plugins\minimoog\source\Moog.cpp C:\Users\Jonathan_Moore\My_Work\Steinberg\my_plugins\minimoog\source\MoogPlugin.cpp C:\Users\Jonathan_Moore\My_Work\Steinberg\my_plugins\minimoog\source\Multiplexer.cpp C:\Users\Jonathan_Moore\My_Work\Steinberg\my_plugins\minimoog\source\Multiplier.cpp C:\Users\Jonathan_Moore\My_Work\Steinberg\my_plugins\minimoog\source\Noise.cpp C:\Users\Jonathan_Moore\My_Work\Steinberg\my_plugins\minimoog\source\Number.cpp C:\Users\Jonathan_Moore\My_Work\Steinberg\my_plugins\minimoog\source\Oscil.cpp C:\Users\Jonathan_Moore\My_Work\Steinberg\my_plugins\minimoog\source\Waveform.cpp C:\Users\Jonathan_Moore\My_Work\Steinberg\my_plugins\minimoog\source\vstplugmain.cpp
         Adder.cpp
         ADSR.cpp
         audioeffect.cpp
     1>c:\users\jonathan_moore\my_work\steinberg\my_plugins\minimoog\include\aeffect.h(335): warning C4996: 'strncpy': This function or variable may be unsafe. Consider using strncpy_s instead. To disable deprecation, use _CRT_SECURE_NO_WARNINGS. See online help for details.
                 C:\Program Files (x86)\Microsoft Visual Studio 11.0\VC\include\string.h(191) : see declaration of 'strncpy'
     1>c:\users\jonathan_moore\my_work\steinberg\my_plugins\minimoog\include\aeffect.h(345): warning C4996: 'strncat': This function or variable may be unsafe. Consider using strncat_s instead. To disable deprecation, use _CRT_SECURE_NO_WARNINGS. See online help for details.
                 C:\Program Files (x86)\Microsoft Visual Studio 11.0\VC\include\string.h(182) : see declaration of 'strncat'
         audioeffectx.cpp
     1>c:\users\jonathan_moore\my_work\steinberg\my_plugins\minimoog\include\aeffect.h(335): warning C4996: 'strncpy': This function or variable may be unsafe. Consider using strncpy_s instead. To disable deprecation, use _CRT_SECURE_NO_WARNINGS. See online help for details.
                 C:\Program Files (x86)\Microsoft Visual Studio 11.0\VC\include\string.h(191) : see declaration of 'strncpy'
     1>c:\users\jonathan_moore\my_work\steinberg\my_plugins\minimoog\include\aeffect.h(345): warning C4996: 'strncat': This function or variable may be unsafe. Consider using strncat_s instead. To disable deprecation, use _CRT_SECURE_NO_WARNINGS. See online help for details.
                 C:\Program Files (x86)\Microsoft Visual Studio 11.0\VC\include\string.h(182) : see declaration of 'strncat'
         BasicBlock.cpp
     1>C:\Users\Jonathan_Moore\My_Work\Steinberg\my_plugins\minimoog\source\BasicBlock.cpp(1): warning C4103: 'c:\users\jonathan_moore\my_work\steinberg\my_plugins\minimoog\source\basicblock.cpp' : alignment changed after including header, may be due to missing #pragma pack(pop)
         Filter.cpp
     1>C:\Users\Jonathan_Moore\My_Work\Steinberg\my_plugins\minimoog\source\Filter.cpp(54): warning C4244: '=' : conversion from 'double' to 'float', possible loss of data
         globals.cpp
         Moog.cpp
         MoogPlugin.cpp
     1>c:\users\jonathan_moore\my_work\steinberg\my_plugins\minimoog\include\aeffect.h(335): warning C4996: 'strncpy': This function or variable may be unsafe. Consider using strncpy_s instead. To disable deprecation, use _CRT_SECURE_NO_WARNINGS. See online help for details.
                 C:\Program Files (x86)\Microsoft Visual Studio 11.0\VC\include\string.h(191) : see declaration of 'strncpy'
     1>c:\users\jonathan_moore\my_work\steinberg\my_plugins\minimoog\include\aeffect.h(345): warning C4996: 'strncat': This function or variable may be unsafe. Consider using strncat_s instead. To disable deprecation, use _CRT_SECURE_NO_WARNINGS. See online help for details.
                 C:\Program Files (x86)\Microsoft Visual Studio 11.0\VC\include\string.h(182) : see declaration of 'strncat'
     1>c:\users\jonathan_moore\my_work\steinberg\my_plugins\minimoog\source\../include/MoogPlugin.h(2): warning C4103: 'c:\users\jonathan_moore\my_work\steinberg\my_plugins\minimoog\include\moogplugin.h' : alignment changed after including header, may be due to missing #pragma pack(pop)
     1>C:\Users\Jonathan_Moore\My_Work\Steinberg\my_plugins\minimoog\source\MoogPlugin.cpp(1): warning C4103: 'c:\users\jonathan_moore\my_work\steinberg\my_plugins\minimoog\source\moogplugin.cpp' : alignment changed after including header, may be due to missing #pragma pack(pop)
     1>C:\Users\Jonathan_Moore\My_Work\Steinberg\my_plugins\minimoog\source\MoogPlugin.cpp(185): warning C4244: 'argument' : conversion from 'double' to 'float', possible loss of data
     1>C:\Users\Jonathan_Moore\My_Work\Steinberg\my_plugins\minimoog\source\MoogPlugin.cpp(248): warning C4244: 'argument' : conversion from 'double' to 'float', possible loss of data
         Multiplexer.cpp
     1>C:\Users\Jonathan_Moore\My_Work\Steinberg\my_plugins\minimoog\source\Multiplexer.cpp(6): warning C4103: 'c:\users\jonathan_moore\my_work\steinberg\my_plugins\minimoog\source\multiplexer.cpp' : alignment changed after including header, may be due to missing #pragma pack(pop)
         Multiplier.cpp
     1>C:\Users\Jonathan_Moore\My_Work\Steinberg\my_plugins\minimoog\source\Multiplier.cpp(5): warning C4103: 'c:\users\jonathan_moore\my_work\steinberg\my_plugins\minimoog\source\multiplier.cpp' : alignment changed after including header, may be due to missing #pragma pack(pop)
         Noise.cpp
     1>C:\Users\Jonathan_Moore\My_Work\Steinberg\my_plugins\minimoog\source\Noise.cpp(6): warning C4103: 'c:\users\jonathan_moore\my_work\steinberg\my_plugins\minimoog\source\noise.cpp' : alignment changed after including header, may be due to missing #pragma pack(pop)
     1>C:\Users\Jonathan_Moore\My_Work\Steinberg\my_plugins\minimoog\source\Noise.cpp(54): warning C4244: 'argument' : conversion from 'time_t' to 'unsigned int', possible loss of data
         Number.cpp
     1>C:\Users\Jonathan_Moore\My_Work\Steinberg\my_plugins\minimoog\source\Number.cpp(6): warning C4103: 'c:\users\jonathan_moore\my_work\steinberg\my_plugins\minimoog\source\number.cpp' : alignment changed after including header, may be due to missing #pragma pack(pop)
         Oscil.cpp
     1>C:\Users\Jonathan_Moore\My_Work\Steinberg\my_plugins\minimoog\source\Oscil.cpp(6): warning C4103: 'c:\users\jonathan_moore\my_work\steinberg\my_plugins\minimoog\source\oscil.cpp' : alignment changed after including header, may be due to missing #pragma pack(pop)
     1>C:\Users\Jonathan_Moore\My_Work\Steinberg\my_plugins\minimoog\source\Oscil.cpp(54): warning C4244: '=' : conversion from 'float' to 'int', possible loss of data
     1>C:\Users\Jonathan_Moore\My_Work\Steinberg\my_plugins\minimoog\source\Oscil.cpp(67): warning C4267: '=' : conversion from 'size_t' to 'int', possible loss of data
     1>C:\Users\Jonathan_Moore\My_Work\Steinberg\my_plugins\minimoog\source\Oscil.cpp(73): warning C4244: '=' : conversion from 'int' to 'float', possible loss of data
     1>C:\Users\Jonathan_Moore\My_Work\Steinberg\my_plugins\minimoog\source\Oscil.cpp(89): warning C4244: '=' : conversion from 'int' to 'float', possible loss of data
     1>C:\Users\Jonathan_Moore\My_Work\Steinberg\my_plugins\minimoog\source\Oscil.cpp(95): warning C4244: 'argument' : conversion from 'float' to 'unsigned __int64', possible loss of data
     1>C:\Users\Jonathan_Moore\My_Work\Steinberg\my_plugins\minimoog\source\Oscil.cpp(96): warning C4244: 'argument' : conversion from 'float' to 'unsigned __int64', possible loss of data
     1>C:\Users\Jonathan_Moore\My_Work\Steinberg\my_plugins\minimoog\source\Oscil.cpp(97): warning C4244: 'argument' : conversion from 'float' to 'unsigned __int64', possible loss of data
     1>C:\Users\Jonathan_Moore\My_Work\Steinberg\my_plugins\minimoog\source\Oscil.cpp(100): warning C4267: 'initializing' : conversion from 'size_t' to 'int', possible loss of data
     1>C:\Users\Jonathan_Moore\My_Work\Steinberg\my_plugins\minimoog\source\Oscil.cpp(103): warning C4244: 'argument' : conversion from 'float' to 'unsigned __int64', possible loss of data
         Waveform.cpp
         vstplugmain.cpp
     1>c:\users\jonathan_moore\my_work\steinberg\my_plugins\minimoog\include\aeffect.h(335): warning C4996: 'strncpy': This function or variable may be unsafe. Consider using strncpy_s instead. To disable deprecation, use _CRT_SECURE_NO_WARNINGS. See online help for details.
                 C:\Program Files (x86)\Microsoft Visual Studio 11.0\VC\include\string.h(191) : see declaration of 'strncpy'
     1>c:\users\jonathan_moore\my_work\steinberg\my_plugins\minimoog\include\aeffect.h(345): warning C4996: 'strncat': This function or variable may be unsafe. Consider using strncat_s instead. To disable deprecation, use _CRT_SECURE_NO_WARNINGS. See online help for details.
                 C:\Program Files (x86)\Microsoft Visual Studio 11.0\VC\include\string.h(182) : see declaration of 'strncat'
         Generating Code...
     1>c:\users\jonathan_moore\my_work\steinberg\my_plugins\minimoog\source\moogplugin.cpp(349): warning C4715: 'MoogPlugin::getParameter' : not all control paths return a value
     1>c:\users\jonathan_moore\my_work\steinberg\my_plugins\minimoog\source\moogplugin.cpp(41): warning C4715: 'wavetype2float' : not all control paths return a value
       Link:
         C:\Program Files (x86)\Microsoft Visual Studio 11.0\VC\bin\x86_amd64\link.exe /ERRORREPORT:PROMPT /OUT:"C:\Users\Jonathan_Moore\My_Work\Steinberg\my_plugins\minimoog\build\Debug\minimoog.dll" /NOLOGO kernel32.lib user32.lib gdi32.lib winspool.lib comdlg32.lib advapi32.lib shell32.lib ole32.lib oleaut32.lib uuid.lib odbc32.lib odbccp32.lib /MANIFEST /MANIFESTUAC:"level='asInvoker' uiAccess='false'" /manifest:embed /PDB:"C:\Users\Jonathan_Moore\My_Work\Steinberg\my_plugins\minimoog\build\Debug\minimoog.pdb" /TLBID:1 /DYNAMICBASE /NXCOMPAT /IMPLIB:"C:\Users\Jonathan_Moore\My_Work\Steinberg\my_plugins\minimoog\build\Debug\minimoog.lib" /MACHINE:X64 /DLL minimoog.dir\Debug\Adder.obj
         minimoog.dir\Debug\ADSR.obj
         minimoog.dir\Debug\audioeffect.obj
         minimoog.dir\Debug\audioeffectx.obj
         minimoog.dir\Debug\BasicBlock.obj
         minimoog.dir\Debug\Filter.obj
         minimoog.dir\Debug\globals.obj
         minimoog.dir\Debug\Moog.obj
         minimoog.dir\Debug\MoogPlugin.obj
         minimoog.dir\Debug\Multiplexer.obj
         minimoog.dir\Debug\Multiplier.obj
         minimoog.dir\Debug\Noise.obj
         minimoog.dir\Debug\Number.obj
         minimoog.dir\Debug\Oscil.obj
         minimoog.dir\Debug\Waveform.obj
         minimoog.dir\Debug\vstplugmain.obj
         minimoog.vcxproj -> C:\Users\Jonathan_Moore\My_Work\Steinberg\my_plugins\minimoog\build\Debug\minimoog.dll
     1>Done Building Project "C:\Users\Jonathan_Moore\My_Work\Steinberg\my_plugins\minimoog\build\minimoog.vcxproj" (Rebuild target(s)).

Build succeeded.

Time Elapsed 00:00:03.85
